0 info it worked if it ends with ok
1 verbose cli [ 'node', '/usr/local/bin/npm', 'publish' ]
2 info using npm@1.3.11
3 info using node@v0.10.18
4 verbose publish [ '.' ]
5 verbose cache add [ '.', null ]
6 verbose cache add name=undefined spec="." args=[".",null]
7 verbose parsed url { protocol: null,
7 verbose parsed url   slashes: null,
7 verbose parsed url   auth: null,
7 verbose parsed url   host: null,
7 verbose parsed url   port: null,
7 verbose parsed url   hostname: null,
7 verbose parsed url   hash: null,
7 verbose parsed url   search: null,
7 verbose parsed url   query: null,
7 verbose parsed url   pathname: '.',
7 verbose parsed url   path: '.',
7 verbose parsed url   href: '.' }
8 silly lockFile 3a52ce78- .
9 verbose lock . /Users/Wildhoney/.npm/3a52ce78-.lock
10 verbose tar pack [ '/var/folders/x1/1qs6hn2n0_1_3f6rdcp0854h0000gn/T/npm-73045-YViEcpRk/1382645016842-0.5577647252939641/tmp.tgz',
10 verbose tar pack   '.' ]
11 verbose tarball /var/folders/x1/1qs6hn2n0_1_3f6rdcp0854h0000gn/T/npm-73045-YViEcpRk/1382645016842-0.5577647252939641/tmp.tgz
12 verbose folder .
13 info prepublish Tessellate@0.0.1
14 silly lockFile 1f1177db-tar tar://.
15 verbose lock tar://. /Users/Wildhoney/.npm/1f1177db-tar.lock
16 silly lockFile af773d6a-16842-0-5577647252939641-tmp-tgz tar:///var/folders/x1/1qs6hn2n0_1_3f6rdcp0854h0000gn/T/npm-73045-YViEcpRk/1382645016842-0.5577647252939641/tmp.tgz
17 verbose lock tar:///var/folders/x1/1qs6hn2n0_1_3f6rdcp0854h0000gn/T/npm-73045-YViEcpRk/1382645016842-0.5577647252939641/tmp.tgz /Users/Wildhoney/.npm/af773d6a-16842-0-5577647252939641-tmp-tgz.lock
18 silly lockFile 1f1177db-tar tar://.
19 silly lockFile 1f1177db-tar tar://.
20 silly lockFile af773d6a-16842-0-5577647252939641-tmp-tgz tar:///var/folders/x1/1qs6hn2n0_1_3f6rdcp0854h0000gn/T/npm-73045-YViEcpRk/1382645016842-0.5577647252939641/tmp.tgz
21 silly lockFile af773d6a-16842-0-5577647252939641-tmp-tgz tar:///var/folders/x1/1qs6hn2n0_1_3f6rdcp0854h0000gn/T/npm-73045-YViEcpRk/1382645016842-0.5577647252939641/tmp.tgz
22 verbose tar unpack /var/folders/x1/1qs6hn2n0_1_3f6rdcp0854h0000gn/T/npm-73045-YViEcpRk/1382645016842-0.5577647252939641/tmp.tgz
23 silly lockFile 10de5db4-16842-0-5577647252939641-package tar:///var/folders/x1/1qs6hn2n0_1_3f6rdcp0854h0000gn/T/npm-73045-YViEcpRk/1382645016842-0.5577647252939641/package
24 verbose lock tar:///var/folders/x1/1qs6hn2n0_1_3f6rdcp0854h0000gn/T/npm-73045-YViEcpRk/1382645016842-0.5577647252939641/package /Users/Wildhoney/.npm/10de5db4-16842-0-5577647252939641-package.lock
25 silly lockFile af773d6a-16842-0-5577647252939641-tmp-tgz tar:///var/folders/x1/1qs6hn2n0_1_3f6rdcp0854h0000gn/T/npm-73045-YViEcpRk/1382645016842-0.5577647252939641/tmp.tgz
26 verbose lock tar:///var/folders/x1/1qs6hn2n0_1_3f6rdcp0854h0000gn/T/npm-73045-YViEcpRk/1382645016842-0.5577647252939641/tmp.tgz /Users/Wildhoney/.npm/af773d6a-16842-0-5577647252939641-tmp-tgz.lock
27 silly gunzTarPerm modes [ '755', '644' ]
28 silly gunzTarPerm extractEntry package.json
29 silly gunzTarPerm extractEntry .npmignore
30 silly gunzTarPerm extractEntry README.md
31 silly gunzTarPerm extractEntry example/default.js
32 silly gunzTarPerm extractEntry example/default.css
33 silly gunzTarPerm extractEntry example/index.html
34 silly gunzTarPerm extractEntry module/Tessellate.js
35 silly lockFile 10de5db4-16842-0-5577647252939641-package tar:///var/folders/x1/1qs6hn2n0_1_3f6rdcp0854h0000gn/T/npm-73045-YViEcpRk/1382645016842-0.5577647252939641/package
36 silly lockFile 10de5db4-16842-0-5577647252939641-package tar:///var/folders/x1/1qs6hn2n0_1_3f6rdcp0854h0000gn/T/npm-73045-YViEcpRk/1382645016842-0.5577647252939641/package
37 silly lockFile af773d6a-16842-0-5577647252939641-tmp-tgz tar:///var/folders/x1/1qs6hn2n0_1_3f6rdcp0854h0000gn/T/npm-73045-YViEcpRk/1382645016842-0.5577647252939641/tmp.tgz
38 silly lockFile af773d6a-16842-0-5577647252939641-tmp-tgz tar:///var/folders/x1/1qs6hn2n0_1_3f6rdcp0854h0000gn/T/npm-73045-YViEcpRk/1382645016842-0.5577647252939641/tmp.tgz
39 verbose tar pack [ '/Users/Wildhoney/.npm/Tessellate/0.0.1/package.tgz',
39 verbose tar pack   '/var/folders/x1/1qs6hn2n0_1_3f6rdcp0854h0000gn/T/npm-73045-YViEcpRk/1382645016842-0.5577647252939641/package' ]
40 verbose tarball /Users/Wildhoney/.npm/Tessellate/0.0.1/package.tgz
41 verbose folder /var/folders/x1/1qs6hn2n0_1_3f6rdcp0854h0000gn/T/npm-73045-YViEcpRk/1382645016842-0.5577647252939641/package
42 silly lockFile 10de5db4-16842-0-5577647252939641-package tar:///var/folders/x1/1qs6hn2n0_1_3f6rdcp0854h0000gn/T/npm-73045-YViEcpRk/1382645016842-0.5577647252939641/package
43 verbose lock tar:///var/folders/x1/1qs6hn2n0_1_3f6rdcp0854h0000gn/T/npm-73045-YViEcpRk/1382645016842-0.5577647252939641/package /Users/Wildhoney/.npm/10de5db4-16842-0-5577647252939641-package.lock
44 silly lockFile 83e6c955-npm-Tessellate-0-0-1-package-tgz tar:///Users/Wildhoney/.npm/Tessellate/0.0.1/package.tgz
45 verbose lock tar:///Users/Wildhoney/.npm/Tessellate/0.0.1/package.tgz /Users/Wildhoney/.npm/83e6c955-npm-Tessellate-0-0-1-package-tgz.lock
46 silly lockFile 10de5db4-16842-0-5577647252939641-package tar:///var/folders/x1/1qs6hn2n0_1_3f6rdcp0854h0000gn/T/npm-73045-YViEcpRk/1382645016842-0.5577647252939641/package
47 silly lockFile 10de5db4-16842-0-5577647252939641-package tar:///var/folders/x1/1qs6hn2n0_1_3f6rdcp0854h0000gn/T/npm-73045-YViEcpRk/1382645016842-0.5577647252939641/package
48 silly lockFile 83e6c955-npm-Tessellate-0-0-1-package-tgz tar:///Users/Wildhoney/.npm/Tessellate/0.0.1/package.tgz
49 silly lockFile 83e6c955-npm-Tessellate-0-0-1-package-tgz tar:///Users/Wildhoney/.npm/Tessellate/0.0.1/package.tgz
50 silly lockFile 9ba20fa0-ney-npm-Tessellate-0-0-1-package /Users/Wildhoney/.npm/Tessellate/0.0.1/package
51 verbose lock /Users/Wildhoney/.npm/Tessellate/0.0.1/package /Users/Wildhoney/.npm/9ba20fa0-ney-npm-Tessellate-0-0-1-package.lock
52 silly lockFile 9ba20fa0-ney-npm-Tessellate-0-0-1-package /Users/Wildhoney/.npm/Tessellate/0.0.1/package
53 silly lockFile 9ba20fa0-ney-npm-Tessellate-0-0-1-package /Users/Wildhoney/.npm/Tessellate/0.0.1/package
54 verbose tar unpack /Users/Wildhoney/.npm/Tessellate/0.0.1/package.tgz
55 silly lockFile c7128465-ney-npm-Tessellate-0-0-1-package tar:///Users/Wildhoney/.npm/Tessellate/0.0.1/package
56 verbose lock tar:///Users/Wildhoney/.npm/Tessellate/0.0.1/package /Users/Wildhoney/.npm/c7128465-ney-npm-Tessellate-0-0-1-package.lock
57 silly lockFile 83e6c955-npm-Tessellate-0-0-1-package-tgz tar:///Users/Wildhoney/.npm/Tessellate/0.0.1/package.tgz
58 verbose lock tar:///Users/Wildhoney/.npm/Tessellate/0.0.1/package.tgz /Users/Wildhoney/.npm/83e6c955-npm-Tessellate-0-0-1-package-tgz.lock
59 silly gunzTarPerm modes [ '755', '644' ]
60 silly gunzTarPerm extractEntry package.json
61 silly gunzTarPerm extractEntry .npmignore
62 silly gunzTarPerm extractEntry README.md
63 silly gunzTarPerm extractEntry example/default.js
64 silly gunzTarPerm extractEntry example/default.css
65 silly gunzTarPerm extractEntry example/index.html
66 silly gunzTarPerm extractEntry module/Tessellate.js
67 silly lockFile c7128465-ney-npm-Tessellate-0-0-1-package tar:///Users/Wildhoney/.npm/Tessellate/0.0.1/package
68 silly lockFile c7128465-ney-npm-Tessellate-0-0-1-package tar:///Users/Wildhoney/.npm/Tessellate/0.0.1/package
69 silly lockFile 83e6c955-npm-Tessellate-0-0-1-package-tgz tar:///Users/Wildhoney/.npm/Tessellate/0.0.1/package.tgz
70 silly lockFile 83e6c955-npm-Tessellate-0-0-1-package-tgz tar:///Users/Wildhoney/.npm/Tessellate/0.0.1/package.tgz
71 verbose chmod /Users/Wildhoney/.npm/Tessellate/0.0.1/package.tgz 644
72 verbose chown /Users/Wildhoney/.npm/Tessellate/0.0.1/package.tgz [ 501, 20 ]
73 silly lockFile 3a52ce78- .
74 silly lockFile 3a52ce78- .
75 silly publish { name: 'Tessellate',
75 silly publish   version: '0.0.1',
75 silly publish   description: 'Small vanilla JavaScript module for gracefully removing floating elements from the page.',
75 silly publish   main: 'index.js',
75 silly publish   directories: { example: 'example' },
75 silly publish   scripts: { test: 'echo "Error: no test specified" && exit 1' },
75 silly publish   repository:
75 silly publish    { type: 'git',
75 silly publish      url: 'https://github.com/Wildhoney/Tessellate.git' },
75 silly publish   author: { name: 'Adam Timberlake' },
75 silly publish   license: 'BSD-2-Clause',
75 silly publish   bugs: { url: 'https://github.com/Wildhoney/Tessellate/issues' },
75 silly publish   readme: 'Tessellate\n==========\n\nSmall vanilla JavaScript module for gracefully removing floating elements from the page.\n\nOverview\n----------\n\nWhen you remove a floated element from the DOM, all the other elements simply occupy the now unallocated space immediately. However, with Tessellate, unallocated space due to removed nodes are occupied gracefully with CSS3 animations.\n\nGetting Started\n----------\n\nFirst you need to create a new instance of Tessellate for each container you want this behaviour on.\n\n```javascript\nvar colours     = $document.querySelector(\'section.colours\'),\n    tessellate  = new $tessellate(colours);\n```\n\nAnd then whenever you remove an element, tell Tessellate which element you wish to remove, and the module will do the rest for you.\n\n```javascript\ntessellate.remove(event.target);\n```\n\nAs a side note, it\'s not necessary to simply remove an element from the DOM ungracefully. You can dim its opacity or any other effect, but at the point of physical removal from the DOM, invoke `tessellate.remove`.',
75 silly publish   readmeFilename: 'README.md',
75 silly publish   _id: 'Tessellate@0.0.1',
75 silly publish   dist: { shasum: '7c4bd8e3ab6e67c5272e0e8fe78401ff7a86e781' },
75 silly publish   _from: '.' }
76 verbose url raw Tessellate
77 verbose url resolving [ 'https://registry.npmjs.org/', './Tessellate' ]
78 verbose url resolved https://registry.npmjs.org/Tessellate
79 info trying registry request attempt 1 at 21:03:38
80 http PUT https://registry.npmjs.org/Tessellate
81 http 403 https://registry.npmjs.org/Tessellate
82 info trying registry request attempt 1 at 21:03:41
83 http PUT https://registry.npmjs.org/Tessellate
84 http 403 https://registry.npmjs.org/Tessellate
85 error publish Failed PUT response 403
86 error Error: forbidden New packages must have all-lowercase names: Tessellate
86 error     at RegClient.<anonymous> (/usr/local/lib/node_modules/npm/node_modules/npm-registry-client/lib/request.js:272:14)
86 error     at Request.self.callback (/usr/local/lib/node_modules/npm/node_modules/request/request.js:129:22)
86 error     at Request.EventEmitter.emit (events.js:98:17)
86 error     at Request.<anonymous> (/usr/local/lib/node_modules/npm/node_modules/request/request.js:873:14)
86 error     at Request.EventEmitter.emit (events.js:117:20)
86 error     at IncomingMessage.<anonymous> (/usr/local/lib/node_modules/npm/node_modules/request/request.js:824:12)
86 error     at IncomingMessage.EventEmitter.emit (events.js:117:20)
86 error     at _stream_readable.js:920:16
86 error     at process._tickCallback (node.js:415:13)
87 error If you need help, you may report this log at:
87 error     <http://github.com/isaacs/npm/issues>
87 error or email it to:
87 error     <npm-@googlegroups.com>
88 error System Darwin 12.4.0
89 error command "node" "/usr/local/bin/npm" "publish"
90 error cwd /Users/Wildhoney/Webroot/Tessellate
91 error node -v v0.10.18
92 error npm -v 1.3.11
93 verbose exit [ 1, true ]
